app/build/intermediates/manifest_merge_blame_file/debug/processDebugMainManifest/manifest-merger-blame-debug-report.txt
1<?xml version="1.0" encoding="utf-8"?>
2<manifest xmlns:android="http://schemas.android.com/apk/res/android"
3    package="com.fastdine.utt"
4    android:versionCode="1"
5    android:versionName="1.0" >
6
7    <uses-sdk
8        android:minSdkVersion="28"
9        android:targetSdkVersion="34" />
10
11    <!-- Thêm quyền truy cập Internet -->
12    <uses-permission android:name="android.permission.INTERNET" />
12-->src\main\AndroidManifest.xml:6:5-67
12-->src\main\AndroidManifest.xml:6:22-64
13    <uses-permission android:name="android.permission.ACCESS_NETWORK_STATE" />
13-->[com.google.firebase:firebase-auth:23.0.0] AndroidManifest.xml:26:5-79
13-->[com.google.firebase:firebase-auth:23.0.0] AndroidManifest.xml:26:22-76
14    <uses-permission android:name="android.permission.WAKE_LOCK" />
14-->[com.google.android.gms:play-services-measurement-api:22.1.2] AndroidManifest.xml:24:5-68
14-->[com.google.android.gms:play-services-measurement-api:22.1.2] AndroidManifest.xml:24:22-65
15    <uses-permission android:name="com.google.android.gms.permission.AD_ID" />
15-->[com.google.android.gms:play-services-measurement-api:22.1.2] AndroidManifest.xml:25:5-79
15-->[com.google.android.gms:play-services-measurement-api:22.1.2] AndroidManifest.xml:25:22-76
16    <uses-permission android:name="android.permission.ACCESS_ADSERVICES_ATTRIBUTION" />
16-->[com.google.android.gms:play-services-measurement-api:22.1.2] AndroidManifest.xml:26:5-88
16-->[com.google.android.gms:play-services-measurement-api:22.1.2] AndroidManifest.xml:26:22-85
17    <uses-permission android:name="android.permission.ACCESS_ADSERVICES_AD_ID" />
17-->[com.google.android.gms:play-services-measurement-api:22.1.2] AndroidManifest.xml:27:5-82
17-->[com.google.android.gms:play-services-measurement-api:22.1.2] AndroidManifest.xml:27:22-79
18    <uses-permission android:name="com.google.android.finsky.permission.BIND_GET_INSTALL_REFERRER_SERVICE" />
18-->[com.google.android.gms:play-services-measurement:22.1.2] AndroidManifest.xml:26:5-110
18-->[com.google.android.gms:play-services-measurement:22.1.2] AndroidManifest.xml:26:22-107
19    <uses-permission android:name="com.google.android.providers.gsf.permission.READ_GSERVICES" />
19-->[com.google.android.recaptcha:recaptcha:18.4.0] AndroidManifest.xml:9:5-98
19-->[com.google.android.recaptcha:recaptcha:18.4.0] AndroidManifest.xml:9:22-95
20
21    <permission
21-->[androidx.core:core:1.13.0] AndroidManifest.xml:22:5-24:47
22        android:name="com.fastdine.utt.DYNAMIC_RECEIVER_NOT_EXPORTED_PERMISSION"
22-->[androidx.core:core:1.13.0] AndroidManifest.xml:23:9-81
23        android:protectionLevel="signature" />
23-->[androidx.core:core:1.13.0] AndroidManifest.xml:24:9-44
24
25    <uses-permission android:name="com.fastdine.utt.DYNAMIC_RECEIVER_NOT_EXPORTED_PERMISSION" />
25-->[androidx.core:core:1.13.0] AndroidManifest.xml:26:5-97
25-->[androidx.core:core:1.13.0] AndroidManifest.xml:26:22-94
26
27    <application
27-->src\main\AndroidManifest.xml:8:5-33:19
28        android:allowBackup="true"
28-->src\main\AndroidManifest.xml:9:9-35
29        android:appComponentFactory="androidx.core.app.CoreComponentFactory"
29-->[androidx.core:core:1.13.0] AndroidManifest.xml:28:18-86
30        android:dataExtractionRules="@xml/data_extraction_rules"
30-->src\main\AndroidManifest.xml:10:9-65
31        android:debuggable="true"
32        android:extractNativeLibs="false"
33        android:fullBackupContent="@xml/backup_rules"
33-->src\main\AndroidManifest.xml:11:9-54
34        android:icon="@mipmap/ic_launcher"
34-->src\main\AndroidManifest.xml:12:9-43
35        android:label="@string/app_name"
35-->src\main\AndroidManifest.xml:13:9-41
36        android:roundIcon="@mipmap/ic_launcher_round"
36-->src\main\AndroidManifest.xml:14:9-54
37        android:supportsRtl="true"
37-->src\main\AndroidManifest.xml:15:9-35
38        android:testOnly="true"
39        android:theme="@style/Theme.FastDine" >
39-->src\main\AndroidManifest.xml:16:9-46
40
41        <!-- Khai báo MainActivity -->
42        <activity
42-->src\main\AndroidManifest.xml:20:9-27:20
43            android:name="com.fastdine.utt.MainActivity"
43-->src\main\AndroidManifest.xml:21:13-41
44            android:exported="true" >
44-->src\main\AndroidManifest.xml:22:13-36
45            <intent-filter>
45-->src\main\AndroidManifest.xml:23:13-26:29
46                <action android:name="android.intent.action.MAIN" />
46-->src\main\AndroidManifest.xml:24:17-69
46-->src\main\AndroidManifest.xml:24:25-66
47
48                <category android:name="android.intent.category.LAUNCHER" />
48-->src\main\AndroidManifest.xml:25:17-77
48-->src\main\AndroidManifest.xml:25:27-74
49            </intent-filter>
50        </activity>
51
52        <!-- Khai báo LoginActivity -->
53        <activity android:name="com.fastdine.utt.LoginActivity" />
53-->src\main\AndroidManifest.xml:30:9-51
53-->src\main\AndroidManifest.xml:30:19-48
54        <activity android:name="com.fastdine.utt.RegisterActivity" />
54-->src\main\AndroidManifest.xml:31:9-54
54-->src\main\AndroidManifest.xml:31:19-51
55        <!-- Có thể khai báo thêm các activity khác nếu cần -->
56        <activity
56-->[com.google.firebase:firebase-auth:23.0.0] AndroidManifest.xml:29:9-46:20
57            android:name="com.google.firebase.auth.internal.GenericIdpActivity"
57-->[com.google.firebase:firebase-auth:23.0.0] AndroidManifest.xml:30:13-80
58            android:excludeFromRecents="true"
58-->[com.google.firebase:firebase-auth:23.0.0] AndroidManifest.xml:31:13-46
59            android:exported="true"
59-->[com.google.firebase:firebase-auth:23.0.0] AndroidManifest.xml:32:13-36
60            android:launchMode="singleTask"
60-->[com.google.firebase:firebase-auth:23.0.0] AndroidManifest.xml:33:13-44
61            android:theme="@android:style/Theme.Translucent.NoTitleBar" >
61-->[com.google.firebase:firebase-auth:23.0.0] AndroidManifest.xml:34:13-72
62            <intent-filter>
62-->[com.google.firebase:firebase-auth:23.0.0] AndroidManifest.xml:35:13-45:29
63                <action android:name="android.intent.action.VIEW" />
63-->[com.google.firebase:firebase-auth:23.0.0] AndroidManifest.xml:36:17-69
63-->[com.google.firebase:firebase-auth:23.0.0] AndroidManifest.xml:36:25-66
64
65                <category android:name="android.intent.category.DEFAULT" />
65-->[com.google.firebase:firebase-auth:23.0.0] AndroidManifest.xml:38:17-76
65-->[com.google.firebase:firebase-auth:23.0.0] AndroidManifest.xml:38:27-73
66                <category android:name="android.intent.category.BROWSABLE" />
66-->[com.google.firebase:firebase-auth:23.0.0] AndroidManifest.xml:39:17-78
66-->[com.google.firebase:firebase-auth:23.0.0] AndroidManifest.xml:39:27-75
67
68                <data
68-->[com.google.firebase:firebase-auth:23.0.0] AndroidManifest.xml:41:17-44:51
69                    android:host="firebase.auth"
69-->[com.google.firebase:firebase-auth:23.0.0] AndroidManifest.xml:42:21-49
70                    android:path="/"
70-->[com.google.firebase:firebase-auth:23.0.0] AndroidManifest.xml:43:21-37
71                    android:scheme="genericidp" />
71-->[com.google.firebase:firebase-auth:23.0.0] AndroidManifest.xml:44:21-48
72            </intent-filter>
73        </activity>
74        <activity
74-->[com.google.firebase:firebase-auth:23.0.0] AndroidManifest.xml:47:9-64:20
75            android:name="com.google.firebase.auth.internal.RecaptchaActivity"
75-->[com.google.firebase:firebase-auth:23.0.0] AndroidManifest.xml:48:13-79
76            android:excludeFromRecents="true"
76-->[com.google.firebase:firebase-auth:23.0.0] AndroidManifest.xml:49:13-46
77            android:exported="true"
77-->[com.google.firebase:firebase-auth:23.0.0] AndroidManifest.xml:50:13-36
78            android:launchMode="singleTask"
78-->[com.google.firebase:firebase-auth:23.0.0] AndroidManifest.xml:51:13-44
79            android:theme="@android:style/Theme.Translucent.NoTitleBar" >
79-->[com.google.firebase:firebase-auth:23.0.0] AndroidManifest.xml:52:13-72
80            <intent-filter>
80-->[com.google.firebase:firebase-auth:23.0.0] AndroidManifest.xml:53:13-63:29
81                <action android:name="android.intent.action.VIEW" />
81-->[com.google.firebase:firebase-auth:23.0.0] AndroidManifest.xml:36:17-69
81-->[com.google.firebase:firebase-auth:23.0.0] AndroidManifest.xml:36:25-66
82
83                <category android:name="android.intent.category.DEFAULT" />
83-->[com.google.firebase:firebase-auth:23.0.0] AndroidManifest.xml:38:17-76
83-->[com.google.firebase:firebase-auth:23.0.0] AndroidManifest.xml:38:27-73
84                <category android:name="android.intent.category.BROWSABLE" />
84-->[com.google.firebase:firebase-auth:23.0.0] AndroidManifest.xml:39:17-78
84-->[com.google.firebase:firebase-auth:23.0.0] AndroidManifest.xml:39:27-75
85
86                <data
86-->[com.google.firebase:firebase-auth:23.0.0] AndroidManifest.xml:41:17-44:51
87                    android:host="firebase.auth"
87-->[com.google.firebase:firebase-auth:23.0.0] AndroidManifest.xml:42:21-49
88                    android:path="/"
88-->[com.google.firebase:firebase-auth:23.0.0] AndroidManifest.xml:43:21-37
89                    android:scheme="recaptcha" />
89-->[com.google.firebase:firebase-auth:23.0.0] AndroidManifest.xml:44:21-48
90            </intent-filter>
91        </activity>
92
93        <service
93-->[com.google.firebase:firebase-auth:23.0.0] AndroidManifest.xml:66:9-72:19
94            android:name="com.google.firebase.components.ComponentDiscoveryService"
94-->[com.google.firebase:firebase-auth:23.0.0] AndroidManifest.xml:67:13-84
95            android:directBootAware="true"
95-->[com.google.firebase:firebase-common:21.0.0] AndroidManifest.xml:32:13-43
96            android:exported="false" >
96-->[com.google.firebase:firebase-auth:23.0.0] AndroidManifest.xml:68:13-37
97            <meta-data
97-->[com.google.firebase:firebase-auth:23.0.0] AndroidManifest.xml:69:13-71:85
98                android:name="com.google.firebase.components:com.google.firebase.auth.FirebaseAuthRegistrar"
98-->[com.google.firebase:firebase-auth:23.0.0] AndroidManifest.xml:70:17-109
99                android:value="com.google.firebase.components.ComponentRegistrar" />
99-->[com.google.firebase:firebase-auth:23.0.0] AndroidManifest.xml:71:17-82
100            <meta-data
100-->[com.google.firebase:firebase-firestore:25.1.0] AndroidManifest.xml:17:13-19:85
101                android:name="com.google.firebase.components:com.google.firebase.firestore.FirebaseFirestoreKtxRegistrar"
101-->[com.google.firebase:firebase-firestore:25.1.0] AndroidManifest.xml:18:17-122
102                android:value="com.google.firebase.components.ComponentRegistrar" />
102-->[com.google.firebase:firebase-firestore:25.1.0] AndroidManifest.xml:19:17-82
103            <meta-data
103-->[com.google.firebase:firebase-firestore:25.1.0] AndroidManifest.xml:20:13-22:85
104                android:name="com.google.firebase.components:com.google.firebase.firestore.FirestoreRegistrar"
104-->[com.google.firebase:firebase-firestore:25.1.0] AndroidManifest.xml:21:17-111
105                android:value="com.google.firebase.components.ComponentRegistrar" />
105-->[com.google.firebase:firebase-firestore:25.1.0] AndroidManifest.xml:22:17-82
106            <meta-data
106-->[com.google.android.gms:play-services-measurement-api:22.1.2] AndroidManifest.xml:37:13-39:85
107                android:name="com.google.firebase.components:com.google.firebase.analytics.connector.internal.AnalyticsConnectorRegistrar"
107-->[com.google.android.gms:play-services-measurement-api:22.1.2] AndroidManifest.xml:38:17-139
108                android:value="com.google.firebase.components.ComponentRegistrar" />
108-->[com.google.android.gms:play-services-measurement-api:22.1.2] AndroidManifest.xml:39:17-82
109            <meta-data
109-->[com.google.firebase:firebase-installations:18.0.0] AndroidManifest.xml:15:13-17:85
110                android:name="com.google.firebase.components:com.google.firebase.installations.FirebaseInstallationsKtxRegistrar"
110-->[com.google.firebase:firebase-installations:18.0.0] AndroidManifest.xml:16:17-130
111                android:value="com.google.firebase.components.ComponentRegistrar" />
111-->[com.google.firebase:firebase-installations:18.0.0] AndroidManifest.xml:17:17-82
112            <meta-data
112-->[com.google.firebase:firebase-installations:18.0.0] AndroidManifest.xml:18:13-20:85
113                android:name="com.google.firebase.components:com.google.firebase.installations.FirebaseInstallationsRegistrar"
113-->[com.google.firebase:firebase-installations:18.0.0] AndroidManifest.xml:19:17-127
114                android:value="com.google.firebase.components.ComponentRegistrar" />
114-->[com.google.firebase:firebase-installations:18.0.0] AndroidManifest.xml:20:17-82
115            <meta-data
115-->[com.google.firebase:firebase-common-ktx:21.0.0] AndroidManifest.xml:12:13-14:85
116                android:name="com.google.firebase.components:com.google.firebase.ktx.FirebaseCommonLegacyRegistrar"
116-->[com.google.firebase:firebase-common-ktx:21.0.0] AndroidManifest.xml:13:17-116
117                android:value="com.google.firebase.components.ComponentRegistrar" />
117-->[com.google.firebase:firebase-common-ktx:21.0.0] AndroidManifest.xml:14:17-82
118            <meta-data
118-->[com.google.firebase:firebase-common:21.0.0] AndroidManifest.xml:35:13-37:85
119                android:name="com.google.firebase.components:com.google.firebase.FirebaseCommonKtxRegistrar"
119-->[com.google.firebase:firebase-common:21.0.0] AndroidManifest.xml:36:17-109
120                android:value="com.google.firebase.components.ComponentRegistrar" />
120-->[com.google.firebase:firebase-common:21.0.0] AndroidManifest.xml:37:17-82
121        </service>
122
123        <property
123-->[com.google.android.gms:play-services-measurement-api:22.1.2] AndroidManifest.xml:30:9-32:61
124            android:name="android.adservices.AD_SERVICES_CONFIG"
124-->[com.google.android.gms:play-services-measurement-api:22.1.2] AndroidManifest.xml:31:13-65
125            android:resource="@xml/ga_ad_services_config" />
125-->[com.google.android.gms:play-services-measurement-api:22.1.2] AndroidManifest.xml:32:13-58
126
127        <provider
127-->[com.google.firebase:firebase-common:21.0.0] AndroidManifest.xml:23:9-28:39
128            android:name="com.google.firebase.provider.FirebaseInitProvider"
128-->[com.google.firebase:firebase-common:21.0.0] AndroidManifest.xml:24:13-77
129            android:authorities="com.fastdine.utt.firebaseinitprovider"
129-->[com.google.firebase:firebase-common:21.0.0] AndroidManifest.xml:25:13-72
130            android:directBootAware="true"
130-->[com.google.firebase:firebase-common:21.0.0] AndroidManifest.xml:26:13-43
131            android:exported="false"
131-->[com.google.firebase:firebase-common:21.0.0] AndroidManifest.xml:27:13-37
132            android:initOrder="100" />
132-->[com.google.firebase:firebase-common:21.0.0] AndroidManifest.xml:28:13-36
133
134        <receiver
134-->[com.google.android.gms:play-services-measurement:22.1.2] AndroidManifest.xml:29:9-33:20
135            android:name="com.google.android.gms.measurement.AppMeasurementReceiver"
135-->[com.google.android.gms:play-services-measurement:22.1.2] AndroidManifest.xml:30:13-85
136            android:enabled="true"
136-->[com.google.android.gms:play-services-measurement:22.1.2] AndroidManifest.xml:31:13-35
137            android:exported="false" >
137-->[com.google.android.gms:play-services-measurement:22.1.2] AndroidManifest.xml:32:13-37
138        </receiver>
139
140        <service
140-->[com.google.android.gms:play-services-measurement:22.1.2] AndroidManifest.xml:35:9-38:40
141            android:name="com.google.android.gms.measurement.AppMeasurementService"
141-->[com.google.android.gms:play-services-measurement:22.1.2] AndroidManifest.xml:36:13-84
142            android:enabled="true"
142-->[com.google.android.gms:play-services-measurement:22.1.2] AndroidManifest.xml:37:13-35
143            android:exported="false" />
143-->[com.google.android.gms:play-services-measurement:22.1.2] AndroidManifest.xml:38:13-37
144        <service
144-->[com.google.android.gms:play-services-measurement:22.1.2] AndroidManifest.xml:39:9-43:72
145            android:name="com.google.android.gms.measurement.AppMeasurementJobService"
145-->[com.google.android.gms:play-services-measurement:22.1.2] AndroidManifest.xml:40:13-87
146            android:enabled="true"
146-->[com.google.android.gms:play-services-measurement:22.1.2] AndroidManifest.xml:41:13-35
147            android:exported="false"
147-->[com.google.android.gms:play-services-measurement:22.1.2] AndroidManifest.xml:42:13-37
148            android:permission="android.permission.BIND_JOB_SERVICE" />
148-->[com.google.android.gms:play-services-measurement:22.1.2] AndroidManifest.xml:43:13-69
149        <service
149-->[androidx.credentials:credentials-play-services-auth:1.2.0-rc01] AndroidManifest.xml:24:9-32:19
150            android:name="androidx.credentials.playservices.CredentialProviderMetadataHolder"
150-->[androidx.credentials:credentials-play-services-auth:1.2.0-rc01] AndroidManifest.xml:25:13-94
151            android:enabled="true"
151-->[androidx.credentials:credentials-play-services-auth:1.2.0-rc01] AndroidManifest.xml:26:13-35
152            android:exported="false" >
152-->[androidx.credentials:credentials-play-services-auth:1.2.0-rc01] AndroidManifest.xml:27:13-37
153            <meta-data
153-->[androidx.credentials:credentials-play-services-auth:1.2.0-rc01] AndroidManifest.xml:29:13-31:104
154                android:name="androidx.credentials.CREDENTIAL_PROVIDER_KEY"
154-->[androidx.credentials:credentials-play-services-auth:1.2.0-rc01] AndroidManifest.xml:30:17-76
155                android:value="androidx.credentials.playservices.CredentialProviderPlayServicesImpl" />
155-->[androidx.credentials:credentials-play-services-auth:1.2.0-rc01] AndroidManifest.xml:31:17-101
156        </service>
157
158        <activity
158-->[androidx.credentials:credentials-play-services-auth:1.2.0-rc01] AndroidManifest.xml:34:9-41:20
159            android:name="androidx.credentials.playservices.HiddenActivity"
159-->[androidx.credentials:credentials-play-services-auth:1.2.0-rc01] AndroidManifest.xml:35:13-76
160            android:configChanges="orientation|screenSize|screenLayout|keyboardHidden"
160-->[androidx.credentials:credentials-play-services-auth:1.2.0-rc01] AndroidManifest.xml:36:13-87
161            android:enabled="true"
161-->[androidx.credentials:credentials-play-services-auth:1.2.0-rc01] AndroidManifest.xml:37:13-35
162            android:exported="false"
162-->[androidx.credentials:credentials-play-services-auth:1.2.0-rc01] AndroidManifest.xml:38:13-37
163            android:fitsSystemWindows="true"
163-->[androidx.credentials:credentials-play-services-auth:1.2.0-rc01] AndroidManifest.xml:39:13-45
164            android:theme="@style/Theme.Hidden" >
164-->[androidx.credentials:credentials-play-services-auth:1.2.0-rc01] AndroidManifest.xml:40:13-48
165        </activity>
166        <activity
166-->[com.google.android.gms:play-services-auth:20.7.0] AndroidManifest.xml:23:9-27:75
167            android:name="com.google.android.gms.auth.api.signin.internal.SignInHubActivity"
167-->[com.google.android.gms:play-services-auth:20.7.0] AndroidManifest.xml:24:13-93
168            android:excludeFromRecents="true"
168-->[com.google.android.gms:play-services-auth:20.7.0] AndroidManifest.xml:25:13-46
169            android:exported="false"
169-->[com.google.android.gms:play-services-auth:20.7.0] AndroidManifest.xml:26:13-37
170            android:theme="@android:style/Theme.Translucent.NoTitleBar" />
170-->[com.google.android.gms:play-services-auth:20.7.0] AndroidManifest.xml:27:13-72
171        <!--
172            Service handling Google Sign-In user revocation. For apps that do not integrate with
173            Google Sign-In, this service will never be started.
174        -->
175        <service
175-->[com.google.android.gms:play-services-auth:20.7.0] AndroidManifest.xml:33:9-37:51
176            android:name="com.google.android.gms.auth.api.signin.RevocationBoundService"
176-->[com.google.android.gms:play-services-auth:20.7.0] AndroidManifest.xml:34:13-89
177            android:exported="true"
177-->[com.google.android.gms:play-services-auth:20.7.0] AndroidManifest.xml:35:13-36
178            android:permission="com.google.android.gms.auth.api.signin.permission.REVOCATION_NOTIFICATION"
178-->[com.google.android.gms:play-services-auth:20.7.0] AndroidManifest.xml:36:13-107
179            android:visibleToInstantApps="true" />
179-->[com.google.android.gms:play-services-auth:20.7.0] AndroidManifest.xml:37:13-48
180
181        <uses-library
181-->[androidx.privacysandbox.ads:ads-adservices:1.0.0-beta05] AndroidManifest.xml:23:9-25:40
182            android:name="android.ext.adservices"
182-->[androidx.privacysandbox.ads:ads-adservices:1.0.0-beta05] AndroidManifest.xml:24:13-50
183            android:required="false" />
183-->[androidx.privacysandbox.ads:ads-adservices:1.0.0-beta05] AndroidManifest.xml:25:13-37
184
185        <provider
185-->[androidx.emoji2:emoji2:1.3.0] AndroidManifest.xml:24:9-32:20
186            android:name="androidx.startup.InitializationProvider"
186-->[androidx.emoji2:emoji2:1.3.0] AndroidManifest.xml:25:13-67
187            android:authorities="com.fastdine.utt.androidx-startup"
187-->[androidx.emoji2:emoji2:1.3.0] AndroidManifest.xml:26:13-68
188            android:exported="false" >
188-->[androidx.emoji2:emoji2:1.3.0] AndroidManifest.xml:27:13-37
189            <meta-data
189-->[androidx.emoji2:emoji2:1.3.0] AndroidManifest.xml:29:13-31:52
190                android:name="androidx.emoji2.text.EmojiCompatInitializer"
190-->[androidx.emoji2:emoji2:1.3.0] AndroidManifest.xml:30:17-75
191                android:value="androidx.startup" />
191-->[androidx.emoji2:emoji2:1.3.0] AndroidManifest.xml:31:17-49
192            <meta-data
192-->[androidx.lifecycle:lifecycle-process:2.6.2] AndroidManifest.xml:29:13-31:52
193                android:name="androidx.lifecycle.ProcessLifecycleInitializer"
193-->[androidx.lifecycle:lifecycle-process:2.6.2] AndroidManifest.xml:30:17-78
194                android:value="androidx.startup" />
194-->[androidx.lifecycle:lifecycle-process:2.6.2] AndroidManifest.xml:31:17-49
195            <meta-data
195-->[androidx.profileinstaller:profileinstaller:1.3.1] AndroidManifest.xml:29:13-31:52
196                android:name="androidx.profileinstaller.ProfileInstallerInitializer"
196-->[androidx.profileinstaller:profileinstaller:1.3.1] AndroidManifest.xml:30:17-85
197                android:value="androidx.startup" />
197-->[androidx.profileinstaller:profileinstaller:1.3.1] AndroidManifest.xml:31:17-49
198        </provider>
199
200        <activity
200-->[com.google.android.gms:play-services-base:18.5.0] AndroidManifest.xml:5:9-173
201            android:name="com.google.android.gms.common.api.GoogleApiActivity"
201-->[com.google.android.gms:play-services-base:18.5.0] AndroidManifest.xml:5:19-85
202            android:exported="false"
202-->[com.google.android.gms:play-services-base:18.5.0] AndroidManifest.xml:5:146-170
203            android:theme="@android:style/Theme.Translucent.NoTitleBar" />
203-->[com.google.android.gms:play-services-base:18.5.0] AndroidManifest.xml:5:86-145
204
205        <meta-data
205-->[com.google.android.gms:play-services-basement:18.4.0] AndroidManifest.xml:6:9-122
206            android:name="com.google.android.gms.version"
206-->[com.google.android.gms:play-services-basement:18.4.0] AndroidManifest.xml:6:20-65
207            android:value="@integer/google_play_services_version" />
207-->[com.google.android.gms:play-services-basement:18.4.0] AndroidManifest.xml:6:66-119
208
209        <receiver
209-->[androidx.profileinstaller:profileinstaller:1.3.1] AndroidManifest.xml:34:9-52:20
210            android:name="androidx.profileinstaller.ProfileInstallReceiver"
210-->[androidx.profileinstaller:profileinstaller:1.3.1] AndroidManifest.xml:35:13-76
211            android:directBootAware="false"
211-->[androidx.profileinstaller:profileinstaller:1.3.1] AndroidManifest.xml:36:13-44
212            android:enabled="true"
212-->[androidx.profileinstaller:profileinstaller:1.3.1] AndroidManifest.xml:37:13-35
213            android:exported="true"
213-->[androidx.profileinstaller:profileinstaller:1.3.1] AndroidManifest.xml:38:13-36
214            android:permission="android.permission.DUMP" >
214-->[androidx.profileinstaller:profileinstaller:1.3.1] AndroidManifest.xml:39:13-57
215            <intent-filter>
215-->[androidx.profileinstaller:profileinstaller:1.3.1] AndroidManifest.xml:40:13-42:29
216                <action android:name="androidx.profileinstaller.action.INSTALL_PROFILE" />
216-->[androidx.profileinstaller:profileinstaller:1.3.1] AndroidManifest.xml:41:17-91
216-->[androidx.profileinstaller:profileinstaller:1.3.1] AndroidManifest.xml:41:25-88
217            </intent-filter>
218            <intent-filter>
218-->[androidx.profileinstaller:profileinstaller:1.3.1] AndroidManifest.xml:43:13-45:29
219                <action android:name="androidx.profileinstaller.action.SKIP_FILE" />
219-->[androidx.profileinstaller:profileinstaller:1.3.1] AndroidManifest.xml:44:17-85
219-->[androidx.profileinstaller:profileinstaller:1.3.1] AndroidManifest.xml:44:25-82
220            </intent-filter>
221            <intent-filter>
221-->[androidx.profileinstaller:profileinstaller:1.3.1] AndroidManifest.xml:46:13-48:29
222                <action android:name="androidx.profileinstaller.action.SAVE_PROFILE" />
222-->[androidx.profileinstaller:profileinstaller:1.3.1] AndroidManifest.xml:47:17-88
222-->[androidx.profileinstaller:profileinstaller:1.3.1] AndroidManifest.xml:47:25-85
223            </intent-filter>
224            <intent-filter>
224-->[androidx.profileinstaller:profileinstaller:1.3.1] AndroidManifest.xml:49:13-51:29
225                <action android:name="androidx.profileinstaller.action.BENCHMARK_OPERATION" />
225-->[androidx.profileinstaller:profileinstaller:1.3.1] AndroidManifest.xml:50:17-95
225-->[androidx.profileinstaller:profileinstaller:1.3.1] AndroidManifest.xml:50:25-92
226            </intent-filter>
227        </receiver>
228    </application>
229
230</manifest>